0 info it worked if it ends with ok
1 verbose cli [ '/usr/bin/node',
1 verbose cli   '/usr/share/npm/bin/npm-cli.js',
1 verbose cli   'run',
1 verbose cli   'build-site',
1 verbose cli   '--scripts-prepend-node-path=auto' ]
2 info using npm@3.5.2
3 info using node@v8.10.0
4 verbose run-script [ 'prebuild-site', 'build-site', 'postbuild-site' ]
5 info lifecycle curriculo-gustavo@0.1.0~prebuild-site: curriculo-gustavo@0.1.0
6 silly lifecycle curriculo-gustavo@0.1.0~prebuild-site: no script for prebuild-site, continuing
7 info lifecycle curriculo-gustavo@0.1.0~build-site: curriculo-gustavo@0.1.0
8 verbose lifecycle curriculo-gustavo@0.1.0~build-site: unsafe-perm in lifecycle true
9 verbose lifecycle curriculo-gustavo@0.1.0~build-site: PATH: /usr/share/npm/bin/node-gyp-bin:/home/gustavoneves/Projetos/guhcostan.github.io/node_modules/.bin:/usr/local/sbin:/usr/local/bin:/usr/sbin:/usr/bin:/sbin:/bin:/usr/games:/usr/local/games:/snap/bin
10 verbose lifecycle curriculo-gustavo@0.1.0~build-site: CWD: /home/gustavoneves/Projetos/guhcostan.github.io
11 silly lifecycle curriculo-gustavo@0.1.0~build-site: Args: [ '-c', './build-site.sh' ]
12 silly lifecycle curriculo-gustavo@0.1.0~build-site: Returned: code: 128  signal: null
13 info lifecycle curriculo-gustavo@0.1.0~build-site: Failed to exec build-site script
14 verbose stack Error: curriculo-gustavo@0.1.0 build-site: `./build-site.sh`
14 verbose stack Exit status 128
14 verbose stack     at EventEmitter.<anonymous> (/usr/share/npm/lib/utils/lifecycle.js:232:16)
14 verbose stack     at emitTwo (events.js:126:13)
14 verbose stack     at EventEmitter.emit (events.js:214:7)
14 verbose stack     at ChildProcess.<anonymous> (/usr/share/npm/lib/utils/spawn.js:24:14)
14 verbose stack     at emitTwo (events.js:126:13)
14 verbose stack     at ChildProcess.emit (events.js:214:7)
14 verbose stack     at maybeClose (internal/child_process.js:925:16)
14 verbose stack     at Process.ChildProcess._handle.onexit (internal/child_process.js:209:5)
15 verbose pkgid curriculo-gustavo@0.1.0
16 verbose cwd /home/gustavoneves/Projetos/guhcostan.github.io
17 error Linux 4.18.0-21-generic
18 error argv "/usr/bin/node" "/usr/share/npm/bin/npm-cli.js" "run" "build-site" "--scripts-prepend-node-path=auto"
19 error node v8.10.0
20 error npm  v3.5.2
21 error code ELIFECYCLE
22 error curriculo-gustavo@0.1.0 build-site: `./build-site.sh`
22 error Exit status 128
23 error Failed at the curriculo-gustavo@0.1.0 build-site script './build-site.sh'.
23 error Make sure you have the latest version of node.js and npm installed.
23 error If you do, this is most likely a problem with the curriculo-gustavo package,
23 error not with npm itself.
23 error Tell the author that this fails on your system:
23 error     ./build-site.sh
23 error You can get information on how to open an issue for this project with:
23 error     npm bugs curriculo-gustavo
23 error Or if that isn't available, you can get their info via:
23 error     npm owner ls curriculo-gustavo
23 error There is likely additional logging output above.
24 verbose exit [ 1, true ]
